This file contains any messages produced by compilers while
running configure, to aid debugging if configure makes a mistake.

It was created by gphoto2 command line interface configure 2.5.10, which was
generated by GNU Autoconf 2.69.  Invocation command line was

  $ /Users/davidmartinho/Downloads/gphoto2-2.5.10/configure 

## --------- ##
## Platform. ##
## --------- ##

hostname = silverbook.local
uname -m = x86_64
uname -r = 15.3.0
uname -s = Darwin
uname -v = Darwin Kernel Version 15.3.0: Thu Dec 10 18:40:58 PST 2015; root:xnu-3248.30.4~1/RELEASE_X86_64

/usr/bin/uname -p = i386
/bin/uname -X     = unknown

/bin/arch              = unknown
/usr/bin/arch -k       = unknown
/usr/convex/getsysinfo = unknown
/usr/bin/hostinfo      = Mach kernel version:
	 Darwin Kernel Version 15.3.0: Thu Dec 10 18:40:58 PST 2015; root:xnu-3248.30.4~1/RELEASE_X86_64
Kernel configured for up to 4 processors.
2 processors are physically available.
4 processors are logically available.
Processor type: x86_64h (Intel x86-64h Haswell)
Processors active: 0 1 2 3
Primary memory available: 8.00 gigabytes
Default processor set: 283 tasks, 1512 threads, 4 processors
Load average: 2.44, Mach factor: 1.60
/bin/machine           = unknown
/usr/bin/oslevel       = unknown
/bin/universe          = unknown

PATH: /Users/davidmartinho/.pyenv/shims
PATH: /usr/local/bin
PATH: /usr/bin
PATH: /bin
PATH: /usr/sbin
PATH: /sbin
PATH: /Library/TeX/texbin


## ----------- ##
## Core tests. ##
## ----------- ##

configure:2381: checking for a BSD-compatible install
configure:2449: result: /usr/bin/install -c
configure:2460: checking whether build environment is sane
configure:2515: result: yes
configure:2666: checking for a thread-safe mkdir -p
configure:2705: result: /Users/davidmartinho/Downloads/gphoto2-2.5.10/auto-aux/install-sh -c -d
configure:2712: checking for gawk
configure:2742: result: no
configure:2712: checking for mawk
configure:2742: result: no
configure:2712: checking for nawk
configure:2742: result: no
configure:2712: checking for awk
configure:2728: found /usr/bin/awk
configure:2739: result: awk
configure:2750: checking whether make sets $(MAKE)
configure:2772: result: yes
configure:2801: checking whether make supports nested variables
configure:2818: result: yes
configure:2965: checking for POSIX sh $() command substitution
configure:2969: result: yes
configure:3072: checking for gcc
configure:3088: found /usr/bin/gcc
configure:3099: result: gcc
configure:3328: checking for C compiler version
configure:3337: gcc --version >&5
Apple LLVM version 7.0.2 (clang-700.1.81)
Target: x86_64-apple-darwin15.3.0
Thread model: posix
Configured with: --prefix=/Applications/Xcode.app/Contents/Developer/usr --with-gxx-include-dir=/usr/include/c++/4.2.1
configure:3348: $? = 0
configure:3337: gcc -v >&5
Configured with: --prefix=/Applications/Xcode.app/Contents/Developer/usr --with-gxx-include-dir=/usr/include/c++/4.2.1
Apple LLVM version 7.0.2 (clang-700.1.81)
Target: x86_64-apple-darwin15.3.0
Thread model: posix
configure:3348: $? = 0
configure:3337: gcc -V >&5
clang: error: argument to '-V' is missing (expected 1 value)
clang: error: no input files
configure:3348: $? = 1
configure:3337: gcc -qversion >&5
clang: error: unknown argument: '-qversion'
clang: error: no input files
configure:3348: $? = 1
configure:3368: checking whether the C compiler works
configure:3390: gcc    conftest.c  >&5
configure:3394: $? = 0
configure:3442: result: yes
configure:3445: checking for C compiler default output file name
configure:3447: result: a.out
configure:3453: checking for suffix of executables
configure:3460: gcc -o conftest    conftest.c  >&5
configure:3464: $? = 0
configure:3486: result: 
configure:3508: checking whether we are cross compiling
configure:3516: gcc -o conftest    conftest.c  >&5
configure:3520: $? = 0
configure:3527: ./conftest
configure:3531: $? = 0
configure:3546: result: no
configure:3551: checking for suffix of object files
configure:3573: gcc -c   conftest.c >&5
configure:3577: $? = 0
configure:3598: result: o
configure:3602: checking whether we are using the GNU C compiler
configure:3621: gcc -c   conftest.c >&5
configure:3621: $? = 0
configure:3630: result: yes
configure:3639: checking whether gcc accepts -g
configure:3659: gcc -c -g  conftest.c >&5
configure:3659: $? = 0
configure:3700: result: yes
configure:3717: checking for gcc option to accept ISO C89
configure:3780: gcc  -c -g -O2  conftest.c >&5
configure:3780: $? = 0
configure:3793: result: none needed
configure:3818: checking whether gcc understands -c and -o together
configure:3840: gcc -c conftest.c -o conftest2.o
configure:3843: $? = 0
configure:3840: gcc -c conftest.c -o conftest2.o
configure:3843: $? = 0
configure:3855: result: yes
configure:3883: checking for style of include used by make
configure:3911: result: GNU
configure:3937: checking dependency style of gcc
configure:4048: result: gcc3
configure:4068: checking how to run the C preprocessor
configure:4099: gcc -E  conftest.c
configure:4099: $? = 0
configure:4113: gcc -E  conftest.c
conftest.c:11:10: fatal error: 'ac_nonexistent.h' file not found
#include <ac_nonexistent.h>
         ^
1 error generated.
configure:4113: $? = 1
configure: failed program was:
| /* confdefs.h */
| #define PACKAGE_NAME "gphoto2 command line interface"
| #define PACKAGE_TARNAME "gphoto2"
| #define PACKAGE_VERSION "2.5.10"
| #define PACKAGE_STRING "gphoto2 command line interface 2.5.10"
| #define PACKAGE_BUGREPORT "gphoto-devel@lists.sourceforge.net"
| #define PACKAGE_URL ""
| #define PACKAGE "gphoto2"
| #define VERSION "2.5.10"
| /* end confdefs.h.  */
| #include <ac_nonexistent.h>
configure:4138: result: gcc -E
configure:4158: gcc -E  conftest.c
configure:4158: $? = 0
configure:4172: gcc -E  conftest.c
conftest.c:11:10: fatal error: 'ac_nonexistent.h' file not found
#include <ac_nonexistent.h>
         ^
1 error generated.
configure:4172: $? = 1
configure: failed program was:
| /* confdefs.h */
| #define PACKAGE_NAME "gphoto2 command line interface"
| #define PACKAGE_TARNAME "gphoto2"
| #define PACKAGE_VERSION "2.5.10"
| #define PACKAGE_STRING "gphoto2 command line interface 2.5.10"
| #define PACKAGE_BUGREPORT "gphoto-devel@lists.sourceforge.net"
| #define PACKAGE_URL ""
| #define PACKAGE "gphoto2"
| #define VERSION "2.5.10"
| /* end confdefs.h.  */
| #include <ac_nonexistent.h>
configure:4231: checking build system type
configure:4245: result: x86_64-apple-darwin15.3.0
configure:4265: checking host system type
configure:4278: result: x86_64-apple-darwin15.3.0
configure:4319: checking how to print strings
configure:4346: result: printf
configure:4367: checking for a sed that does not truncate output
configure:4431: result: /usr/bin/sed
configure:4449: checking for grep that handles long lines and -e
configure:4507: result: /usr/bin/grep
configure:4512: checking for egrep
configure:4574: result: /usr/bin/grep -E
configure:4579: checking for fgrep
configure:4641: result: /usr/bin/grep -F
configure:4676: checking for ld used by gcc
configure:4743: result: /Applications/Xcode.app/Contents/Developer/Toolchains/XcodeDefault.xctoolchain/usr/bin/ld
configure:4750: checking if the linker (/Applications/Xcode.app/Contents/Developer/Toolchains/XcodeDefault.xctoolchain/usr/bin/ld) is GNU ld
configure:4765: result: no
configure:4777: checking for BSD- or MS-compatible name lister (nm)
configure:4831: result: /usr/bin/nm
configure:4961: checking the name lister (/usr/bin/nm) interface
configure:4968: gcc -c -g -O2  conftest.c >&5
configure:4971: /usr/bin/nm "conftest.o"
configure:4974: output
0000000000000208 S _some_variable
configure:4981: result: BSD nm
configure:4984: checking whether ln -s works
configure:4988: result: yes
configure:4996: checking the maximum length of command line arguments
configure:5127: result: 196608
configure:5175: checking how to convert x86_64-apple-darwin15.3.0 file names to x86_64-apple-darwin15.3.0 format
configure:5215: result: func_convert_file_noop
configure:5222: checking how to convert x86_64-apple-darwin15.3.0 file names to toolchain format
configure:5242: result: func_convert_file_noop
configure:5249: checking for /Applications/Xcode.app/Contents/Developer/Toolchains/XcodeDefault.xctoolchain/usr/bin/ld option to reload object files
configure:5256: result: -r
configure:5330: checking for objdump
configure:5360: result: no
configure:5389: checking how to recognize dependent libraries
configure:5589: result: pass_all
configure:5674: checking for dlltool
configure:5704: result: no
configure:5734: checking how to associate runtime and link libraries
configure:5761: result: printf %s\n
configure:5822: checking for ar
configure:5838: found /usr/bin/ar
configure:5849: result: ar
configure:5886: checking for archiver @FILE support
configure:5903: gcc -c -g -O2  conftest.c >&5
configure:5903: $? = 0
configure:5906: ar cru libconftest.a @conftest.lst >&5
ar: @conftest.lst: No such file or directory
configure:5909: $? = 1
configure:5929: result: no
configure:5987: checking for strip
configure:6003: found /usr/bin/strip
configure:6014: result: strip
configure:6086: checking for ranlib
configure:6102: found /usr/bin/ranlib
configure:6113: result: ranlib
configure:6215: checking command to parse /usr/bin/nm output from gcc object
configure:6368: gcc -c -g -O2  conftest.c >&5
configure:6371: $? = 0
configure:6375: /usr/bin/nm conftest.o \| sed -n -e 's/^.*[ ]\([BCDEGRST][BCDEGRST]*\)[ ][ ]*\([_A-Za-z][_A-Za-z0-9]*\)$/\1 \2 \2/p' | sed '/ __gnu_lto/d' \> conftest.nm
configure:6378: $? = 0
cannot find nm_test_var in conftest.nm
configure:6368: gcc -c -g -O2  conftest.c >&5
configure:6371: $? = 0
configure:6375: /usr/bin/nm conftest.o \| sed -n -e 's/^.*[ ]\([BCDEGRST][BCDEGRST]*\)[ ][ ]*_\([_A-Za-z][_A-Za-z0-9]*\)$/\1 _\2 \2/p' | sed '/ __gnu_lto/d' \> conftest.nm
configure:6378: $? = 0
configure:6444: gcc -o conftest -g -O2   conftest.c conftstm.o >&5
warning: (x86_64)  could not find object file symbol for symbol _main
configure:6447: $? = 0
configure:6485: result: ok
configure:6532: checking for sysroot
configure:6562: result: no
configure:6569: checking for a working dd
configure:6607: result: /bin/dd
configure:6611: checking how to truncate binary pipes
configure:6626: result: /bin/dd bs=4096 count=1
configure:6955: checking for mt
configure:6985: result: no
configure:7005: checking if : is a manifest tool
configure:7011: : '-?'
configure:7019: result: no
configure:7075: checking for dsymutil
configure:7091: found /usr/bin/dsymutil
configure:7102: result: dsymutil
configure:7167: checking for nmedit
configure:7183: found /usr/bin/nmedit
configure:7194: result: nmedit
configure:7259: checking for lipo
configure:7275: found /usr/bin/lipo
configure:7286: result: lipo
configure:7351: checking for otool
configure:7367: found /usr/bin/otool
configure:7378: result: otool
configure:7443: checking for otool64
configure:7473: result: no
configure:7518: checking for -single_module linker flag
gcc -g -O2  -o libconftest.dylib -dynamiclib -Wl,-single_module conftest.c
configure:7551: result: yes
configure:7554: checking for -exported_symbols_list linker flag
configure:7574: gcc -o conftest -g -O2   -Wl,-exported_symbols_list,conftest.sym conftest.c  >&5
configure:7574: $? = 0
configure:7584: result: yes
configure:7587: checking for -force_load linker flag
gcc -g -O2 -c -o conftest.o conftest.c
ar cru libconftest.a conftest.o
ranlib libconftest.a
gcc -g -O2  -o conftest conftest.c -Wl,-force_load,./libconftest.a
configure:7619: result: yes
configure:7692: checking for ANSI C header files
configure:7712: gcc -c -g -O2  conftest.c >&5
configure:7712: $? = 0
configure:7785: gcc -o conftest -g -O2   conftest.c  >&5
configure:7785: $? = 0
configure:7785: ./conftest
configure:7785: $? = 0
configure:7796: result: yes
configure:7809: checking for sys/types.h
configure:7809: gcc -c -g -O2  conftest.c >&5
configure:7809: $? = 0
configure:7809: result: yes
configure:7809: checking for sys/stat.h
configure:7809: gcc -c -g -O2  conftest.c >&5
configure:7809: $? = 0
configure:7809: result: yes
configure:7809: checking for stdlib.h
configure:7809: gcc -c -g -O2  conftest.c >&5
configure:7809: $? = 0
configure:7809: result: yes
configure:7809: checking for string.h
configure:7809: gcc -c -g -O2  conftest.c >&5
configure:7809: $? = 0
configure:7809: result: yes
configure:7809: checking for memory.h
configure:7809: gcc -c -g -O2  conftest.c >&5
configure:7809: $? = 0
configure:7809: result: yes
configure:7809: checking for strings.h
configure:7809: gcc -c -g -O2  conftest.c >&5
configure:7809: $? = 0
configure:7809: result: yes
configure:7809: checking for inttypes.h
configure:7809: gcc -c -g -O2  conftest.c >&5
configure:7809: $? = 0
configure:7809: result: yes
configure:7809: checking for stdint.h
configure:7809: gcc -c -g -O2  conftest.c >&5
configure:7809: $? = 0
configure:7809: result: yes
configure:7809: checking for unistd.h
configure:7809: gcc -c -g -O2  conftest.c >&5
configure:7809: $? = 0
configure:7809: result: yes
configure:7823: checking for dlfcn.h
configure:7823: gcc -c -g -O2  conftest.c >&5
configure:7823: $? = 0
configure:7823: result: yes
configure:8079: checking for objdir
configure:8094: result: .libs
configure:8358: checking if gcc supports -fno-rtti -fno-exceptions
configure:8376: gcc -c -g -O2  -fno-rtti -fno-exceptions conftest.c >&5
configure:8380: $? = 0
configure:8393: result: yes
configure:8751: checking for gcc option to produce PIC
configure:8758: result: -fno-common -DPIC
configure:8766: checking if gcc PIC flag -fno-common -DPIC works
configure:8784: gcc -c -g -O2  -fno-common -DPIC -DPIC conftest.c >&5
configure:8788: $? = 0
configure:8801: result: yes
configure:8830: checking if gcc static flag -static works
configure:8858: result: no
configure:8873: checking if gcc supports -c -o file.o
configure:8894: gcc -c -g -O2  -o out/conftest2.o conftest.c >&5
configure:8898: $? = 0
configure:8920: result: yes
configure:8928: checking if gcc supports -c -o file.o
configure:8975: result: yes
configure:9008: checking whether the gcc linker (/Applications/Xcode.app/Contents/Developer/Toolchains/XcodeDefault.xctoolchain/usr/bin/ld) supports shared libraries
configure:10267: result: yes
configure:10507: checking dynamic linker characteristics
configure:11325: result: darwin15.3.0 dyld
configure:11447: checking how to hardcode library paths into programs
configure:11472: result: immediate
configure:12020: checking whether stripping libraries is possible
configure:12034: result: yes
configure:12060: checking if libtool supports shared libraries
configure:12062: result: yes
configure:12065: checking whether to build shared libraries
configure:12090: result: yes
configure:12093: checking whether to build static libraries
configure:12097: result: yes
configure:12142: checking for special C compiler options needed for large files
configure:12187: result: no
configure:12193: checking for _FILE_OFFSET_BITS value needed for large files
configure:12218: gcc -c -g -O2  conftest.c >&5
configure:12218: $? = 0
configure:12250: result: no
configure:12344: checking PKG_CONFIG_PATH
configure:12347: result: empty
configure:12356: checking for pkg-config
configure:12374: found /usr/local/bin/pkg-config
configure:12387: result: /usr/local/bin/pkg-config
configure:12543: checking for po/Makevars requiring hack
configure:12550: result: no
configure:12570: checking whether NLS is requested
configure:12579: result: yes
configure:12617: checking for msgfmt
configure:12651: result: no
configure:12657: checking for gmsgfmt
configure:12688: result: :
configure:12728: checking for xgettext
configure:12762: result: no
configure:12799: checking for msgmerge
configure:12832: result: no
configure:12904: checking for ld used by GCC
configure:12968: result: /Applications/Xcode.app/Contents/Developer/Toolchains/XcodeDefault.xctoolchain/usr/bin/ld
configure:12975: checking if the linker (/Applications/Xcode.app/Contents/Developer/Toolchains/XcodeDefault.xctoolchain/usr/bin/ld) is GNU ld
configure:12988: result: no
configure:12994: checking for shared library run path origin
configure:13007: result: done
configure:13423: checking whether NLS is requested
configure:13432: result: yes
configure:13450: checking for GNU gettext in libc
configure:13469: gcc -o conftest -g -O2   conftest.c  >&5
conftest.c:33:10: fatal error: 'libintl.h' file not found
#include <libintl.h>
         ^
1 error generated.
configure:13469: $? = 1
configure: failed program was:
| /* confdefs.h */
| #define PACKAGE_NAME "gphoto2 command line interface"
| #define PACKAGE_TARNAME "gphoto2"
| #define PACKAGE_VERSION "2.5.10"
| #define PACKAGE_STRING "gphoto2 command line interface 2.5.10"
| #define PACKAGE_BUGREPORT "gphoto-devel@lists.sourceforge.net"
| #define PACKAGE_URL ""
| #define PACKAGE "gphoto2"
| #define VERSION "2.5.10"
| #define STDC_HEADERS 1
| #define HAVE_SYS_TYPES_H 1
| #define HAVE_SYS_STAT_H 1
| #define HAVE_STDLIB_H 1
| #define HAVE_STRING_H 1
| #define HAVE_MEMORY_H 1
| #define HAVE_STRINGS_H 1
| #define HAVE_INTTYPES_H 1
| #define HAVE_STDINT_H 1
| #define HAVE_UNISTD_H 1
| #define HAVE_DLFCN_H 1
| #define LT_OBJDIR ".libs/"
| #define HAVE_CC "gcc"
| #define URL_GPHOTO_HOME "http://www.gphoto.org/"
| #define URL_GPHOTO_PROJECT "https://github.com/gphoto"
| #define URL_DIGICAM_LIST "http://www.teaser.fr/~hfiguiere/linux/digicam.html"
| #define URL_JPHOTO_HOME "http://jphoto.sourceforge.net/"
| #define URL_USB_MASSSTORAGE "http://www.linux-usb.org/USB-guide/x498.html"
| #define MAIL_GPHOTO_DEVEL "<gphoto-devel@lists.sourceforge.net>"
| #define MAIL_GPHOTO_USER "<gphoto-user@lists.sourceforge.net>"
| #define MAIL_GPHOTO_TRANSLATION "<gphoto-translation@lists.sourceforge.net>"
| #define GETTEXT_PACKAGE "gphoto2"
| /* end confdefs.h.  */
| #include <libintl.h>
| extern int _nl_msg_cat_cntr;
| extern int *_nl_domain_bindings;
| int
| main ()
| {
| bindtextdomain ("", "");
| return (int) gettext ("") + _nl_msg_cat_cntr + *_nl_domain_bindings
|   ;
|   return 0;
| }
configure:13477: result: no
configure:13511: checking for iconv
configure:13533: gcc -o conftest -g -O2   conftest.c  >&5
Undefined symbols for architecture x86_64:
  "_iconv", referenced from:
      _main in conftest-d24208.o
  "_iconv_close", referenced from:
      _main in conftest-d24208.o
  "_iconv_open", referenced from:
      _main in conftest-d24208.o
ld: symbol(s) not found for architecture x86_64
clang: error: linker command failed with exit code 1 (use -v to see invocation)
configure:13533: $? = 1
configure: failed program was:
| /* confdefs.h */
| #define PACKAGE_NAME "gphoto2 command line interface"
| #define PACKAGE_TARNAME "gphoto2"
| #define PACKAGE_VERSION "2.5.10"
| #define PACKAGE_STRING "gphoto2 command line interface 2.5.10"
| #define PACKAGE_BUGREPORT "gphoto-devel@lists.sourceforge.net"
| #define PACKAGE_URL ""
| #define PACKAGE "gphoto2"
| #define VERSION "2.5.10"
| #define STDC_HEADERS 1
| #define HAVE_SYS_TYPES_H 1
| #define HAVE_SYS_STAT_H 1
| #define HAVE_STDLIB_H 1
| #define HAVE_STRING_H 1
| #define HAVE_MEMORY_H 1
| #define HAVE_STRINGS_H 1
| #define HAVE_INTTYPES_H 1
| #define HAVE_STDINT_H 1
| #define HAVE_UNISTD_H 1
| #define HAVE_DLFCN_H 1
| #define LT_OBJDIR ".libs/"
| #define HAVE_CC "gcc"
| #define URL_GPHOTO_HOME "http://www.gphoto.org/"
| #define URL_GPHOTO_PROJECT "https://github.com/gphoto"
| #define URL_DIGICAM_LIST "http://www.teaser.fr/~hfiguiere/linux/digicam.html"
| #define URL_JPHOTO_HOME "http://jphoto.sourceforge.net/"
| #define URL_USB_MASSSTORAGE "http://www.linux-usb.org/USB-guide/x498.html"
| #define MAIL_GPHOTO_DEVEL "<gphoto-devel@lists.sourceforge.net>"
| #define MAIL_GPHOTO_USER "<gphoto-user@lists.sourceforge.net>"
| #define MAIL_GPHOTO_TRANSLATION "<gphoto-translation@lists.sourceforge.net>"
| #define GETTEXT_PACKAGE "gphoto2"
| /* end confdefs.h.  */
| #include <stdlib.h>
| #include <iconv.h>
| int
| main ()
| {
| iconv_t cd = iconv_open("","");
|        iconv(cd,NULL,NULL,NULL,NULL);
|        iconv_close(cd);
|   ;
|   return 0;
| }
configure:13555: gcc -o conftest -g -O2   conftest.c  -liconv >&5
configure:13555: $? = 0
configure:13565: result: yes
configure:13573: checking how to link with libiconv
configure:13575: result: -liconv
configure:13964: checking for GNU gettext in libintl
configure:13991: gcc -o conftest -g -O2    conftest.c  -lintl >&5
conftest.c:34:10: fatal error: 'libintl.h' file not found
#include <libintl.h>
         ^
1 error generated.
configure:13991: $? = 1
configure: failed program was:
| /* confdefs.h */
| #define PACKAGE_NAME "gphoto2 command line interface"
| #define PACKAGE_TARNAME "gphoto2"
| #define PACKAGE_VERSION "2.5.10"
| #define PACKAGE_STRING "gphoto2 command line interface 2.5.10"
| #define PACKAGE_BUGREPORT "gphoto-devel@lists.sourceforge.net"
| #define PACKAGE_URL ""
| #define PACKAGE "gphoto2"
| #define VERSION "2.5.10"
| #define STDC_HEADERS 1
| #define HAVE_SYS_TYPES_H 1
| #define HAVE_SYS_STAT_H 1
| #define HAVE_STDLIB_H 1
| #define HAVE_STRING_H 1
| #define HAVE_MEMORY_H 1
| #define HAVE_STRINGS_H 1
| #define HAVE_INTTYPES_H 1
| #define HAVE_STDINT_H 1
| #define HAVE_UNISTD_H 1
| #define HAVE_DLFCN_H 1
| #define LT_OBJDIR ".libs/"
| #define HAVE_CC "gcc"
| #define URL_GPHOTO_HOME "http://www.gphoto.org/"
| #define URL_GPHOTO_PROJECT "https://github.com/gphoto"
| #define URL_DIGICAM_LIST "http://www.teaser.fr/~hfiguiere/linux/digicam.html"
| #define URL_JPHOTO_HOME "http://jphoto.sourceforge.net/"
| #define URL_USB_MASSSTORAGE "http://www.linux-usb.org/USB-guide/x498.html"
| #define MAIL_GPHOTO_DEVEL "<gphoto-devel@lists.sourceforge.net>"
| #define MAIL_GPHOTO_USER "<gphoto-user@lists.sourceforge.net>"
| #define MAIL_GPHOTO_TRANSLATION "<gphoto-translation@lists.sourceforge.net>"
| #define GETTEXT_PACKAGE "gphoto2"
| #define HAVE_ICONV 1
| /* end confdefs.h.  */
| #include <libintl.h>
| extern int _nl_msg_cat_cntr;
| extern
| #ifdef __cplusplus
| "C"
| #endif
| const char *_nl_expand_alias ();
| int
| main ()
| {
| bindtextdomain ("", "");
| return (int) gettext ("") + _nl_msg_cat_cntr + *_nl_expand_alias (0)
|   ;
|   return 0;
| }
configure:14018: gcc -o conftest -g -O2    conftest.c  -lintl -liconv >&5
conftest.c:34:10: fatal error: 'libintl.h' file not found
#include <libintl.h>
         ^
1 error generated.
configure:14018: $? = 1
configure: failed program was:
| /* confdefs.h */
| #define PACKAGE_NAME "gphoto2 command line interface"
| #define PACKAGE_TARNAME "gphoto2"
| #define PACKAGE_VERSION "2.5.10"
| #define PACKAGE_STRING "gphoto2 command line interface 2.5.10"
| #define PACKAGE_BUGREPORT "gphoto-devel@lists.sourceforge.net"
| #define PACKAGE_URL ""
| #define PACKAGE "gphoto2"
| #define VERSION "2.5.10"
| #define STDC_HEADERS 1
| #define HAVE_SYS_TYPES_H 1
| #define HAVE_SYS_STAT_H 1
| #define HAVE_STDLIB_H 1
| #define HAVE_STRING_H 1
| #define HAVE_MEMORY_H 1
| #define HAVE_STRINGS_H 1
| #define HAVE_INTTYPES_H 1
| #define HAVE_STDINT_H 1
| #define HAVE_UNISTD_H 1
| #define HAVE_DLFCN_H 1
| #define LT_OBJDIR ".libs/"
| #define HAVE_CC "gcc"
| #define URL_GPHOTO_HOME "http://www.gphoto.org/"
| #define URL_GPHOTO_PROJECT "https://github.com/gphoto"
| #define URL_DIGICAM_LIST "http://www.teaser.fr/~hfiguiere/linux/digicam.html"
| #define URL_JPHOTO_HOME "http://jphoto.sourceforge.net/"
| #define URL_USB_MASSSTORAGE "http://www.linux-usb.org/USB-guide/x498.html"
| #define MAIL_GPHOTO_DEVEL "<gphoto-devel@lists.sourceforge.net>"
| #define MAIL_GPHOTO_USER "<gphoto-user@lists.sourceforge.net>"
| #define MAIL_GPHOTO_TRANSLATION "<gphoto-translation@lists.sourceforge.net>"
| #define GETTEXT_PACKAGE "gphoto2"
| #define HAVE_ICONV 1
| /* end confdefs.h.  */
| #include <libintl.h>
| extern int _nl_msg_cat_cntr;
| extern
| #ifdef __cplusplus
| "C"
| #endif
| const char *_nl_expand_alias ();
| int
| main ()
| {
| bindtextdomain ("", "");
| return (int) gettext ("") + _nl_msg_cat_cntr + *_nl_expand_alias (0)
|   ;
|   return 0;
| }
configure:14030: result: no
configure:14057: checking whether to use NLS
configure:14059: result: no
configure:14164: checking for msgfmt
configure:14198: result: no
configure:14204: checking for gmsgfmt
configure:14235: result: :
configure:14275: checking for xgettext
configure:14309: result: no
configure:14346: checking for msgmerge
configure:14379: result: no
configure:14441: checking for iconv
configure:14495: result: yes
configure:14503: checking how to link with libiconv
configure:14505: result: -liconv
configure:14516: checking for iconv declaration
configure:14545: gcc -c -g -O2  conftest.c >&5
configure:14545: $? = 0
configure:14556: result: 
         extern size_t iconv (iconv_t cd, char * *inbuf, size_t *inbytesleft, char * *outbuf, size_t *outbytesleft);
configure:14601: checking for dynamic library extension
configure:14626: result: .dylib
configure:14739: checking pkg-config is at least version 0.9.0
configure:14742: result: yes
configure:14759: checking for libgphoto2 to use
configure:14777: result: autodetect
configure:14786: checking for LIBGPHOTO2
configure:14793: $PKG_CONFIG --exists --print-errors "libgphoto2 >= 2.5.10"
Package libgphoto2 was not found in the pkg-config search path.
Perhaps you should add the directory containing `libgphoto2.pc'
to the PKG_CONFIG_PATH environment variable
No package 'libgphoto2' found
configure:14796: $? = 1
configure:14810: $PKG_CONFIG --exists --print-errors "libgphoto2 >= 2.5.10"
Package libgphoto2 was not found in the pkg-config search path.
Perhaps you should add the directory containing `libgphoto2.pc'
to the PKG_CONFIG_PATH environment variable
No package 'libgphoto2' found
configure:14813: $? = 1
configure:14827: result: no
No package 'libgphoto2' found
configure:14859: checking libgphoto2 config program
configure:14861: result: gphoto2-config
configure:14865: checking for gphoto2-config
configure:14898: result: no
configure:15011: error: 
PKG_CONFIG_PATH=
LIBGPHOTO2_LIBS=
LIBGPHOTO2_CFLAGS=

* Fatal: gphoto2 command line interface requires libgphoto2 >= 2.5.10 to build.
*
* Possible solutions:
*   - set PKG_CONFIG_PATH to adequate value
*   - call configure with LIBGPHOTO2_LIBS=.. and LIBGPHOTO2_CFLAGS=..
*   - call configure with one of the --with-libgphoto2 parameters
*   - get libgphoto2 and install it

## ---------------- ##
## Cache variables. ##
## ---------------- ##

ac_cv_build=x86_64-apple-darwin15.3.0
ac_cv_c_compiler_gnu=yes
ac_cv_env_CC_set=
ac_cv_env_CC_value=
ac_cv_env_CFLAGS_set=
ac_cv_env_CFLAGS_value=
ac_cv_env_CPPFLAGS_set=
ac_cv_env_CPPFLAGS_value=
ac_cv_env_CPP_set=
ac_cv_env_CPP_value=
ac_cv_env_LDFLAGS_set=
ac_cv_env_LDFLAGS_value=
ac_cv_env_LIBEXIF_CFLAGS_set=
ac_cv_env_LIBEXIF_CFLAGS_value=
ac_cv_env_LIBEXIF_LIBS_set=
ac_cv_env_LIBEXIF_LIBS_value=
ac_cv_env_LIBGPHOTO2_CFLAGS_set=
ac_cv_env_LIBGPHOTO2_CFLAGS_value=
ac_cv_env_LIBGPHOTO2_LIBS_set=
ac_cv_env_LIBGPHOTO2_LIBS_value=
ac_cv_env_LIBS_set=
ac_cv_env_LIBS_value=
ac_cv_env_LT_SYS_LIBRARY_PATH_set=
ac_cv_env_LT_SYS_LIBRARY_PATH_value=
ac_cv_env_PKG_CONFIG_LIBDIR_set=
ac_cv_env_PKG_CONFIG_LIBDIR_value=
ac_cv_env_PKG_CONFIG_PATH_set=
ac_cv_env_PKG_CONFIG_PATH_value=
ac_cv_env_PKG_CONFIG_set=
ac_cv_env_PKG_CONFIG_value=
ac_cv_env_POPT_CFLAGS_set=
ac_cv_env_POPT_CFLAGS_value=
ac_cv_env_POPT_LIBS_set=
ac_cv_env_POPT_LIBS_value=
ac_cv_env_build_alias_set=
ac_cv_env_build_alias_value=
ac_cv_env_host_alias_set=
ac_cv_env_host_alias_value=
ac_cv_env_target_alias_set=
ac_cv_env_target_alias_value=
ac_cv_header_dlfcn_h=yes
ac_cv_header_inttypes_h=yes
ac_cv_header_memory_h=yes
ac_cv_header_stdc=yes
ac_cv_header_stdint_h=yes
ac_cv_header_stdlib_h=yes
ac_cv_header_string_h=yes
ac_cv_header_strings_h=yes
ac_cv_header_sys_stat_h=yes
ac_cv_header_sys_types_h=yes
ac_cv_header_unistd_h=yes
ac_cv_host=x86_64-apple-darwin15.3.0
ac_cv_objext=o
ac_cv_path_EGREP='/usr/bin/grep -E'
ac_cv_path_FGREP='/usr/bin/grep -F'
ac_cv_path_GMSGFMT=:
ac_cv_path_GREP=/usr/bin/grep
ac_cv_path_MSGFMT=:
ac_cv_path_MSGMERGE=:
ac_cv_path_PKG_CONFIG=/usr/local/bin/pkg-config
ac_cv_path_SED=/usr/bin/sed
ac_cv_path_XGETTEXT=:
ac_cv_path_install='/usr/bin/install -c'
ac_cv_path_lt_DD=/bin/dd
ac_cv_prog_AWK=awk
ac_cv_prog_CPP='gcc -E'
ac_cv_prog_ac_ct_AR=ar
ac_cv_prog_ac_ct_CC=gcc
ac_cv_prog_ac_ct_DSYMUTIL=dsymutil
ac_cv_prog_ac_ct_LIPO=lipo
ac_cv_prog_ac_ct_NMEDIT=nmedit
ac_cv_prog_ac_ct_OTOOL=otool
ac_cv_prog_ac_ct_RANLIB=ranlib
ac_cv_prog_ac_ct_STRIP=strip
ac_cv_prog_cc_c89=
ac_cv_prog_cc_g=yes
ac_cv_prog_make_make_set=yes
ac_cv_sys_file_offset_bits=no
ac_cv_sys_largefile_CC=no
acl_cv_hardcode_direct=no
acl_cv_hardcode_libdir_flag_spec=
acl_cv_hardcode_libdir_separator=
acl_cv_hardcode_minus_L=no
acl_cv_libext=a
acl_cv_path_LD=/Applications/Xcode.app/Contents/Developer/Toolchains/XcodeDefault.xctoolchain/usr/bin/ld
acl_cv_prog_gnu_ld=no
acl_cv_rpath=done
acl_cv_shlibext=dylib
acl_cv_wl=-Wl,
am_cv_CC_dependencies_compiler_type=gcc3
am_cv_func_iconv=yes
am_cv_lib_iconv=yes
am_cv_make_support_nested_variables=yes
am_cv_prog_cc_c_o=yes
am_cv_proto_iconv='extern size_t iconv (iconv_t cd, char * *inbuf, size_t *inbytesleft, char * *outbuf, size_t *outbytesleft);'
am_cv_proto_iconv_arg1=
gt_cv_func_gnugettext1_libc=no
gt_cv_func_gnugettext1_libintl=no
lt_cv_apple_cc_single_mod=yes
lt_cv_ar_at_file=no
lt_cv_deplibs_check_method=pass_all
lt_cv_file_magic_cmd='$MAGIC_CMD'
lt_cv_file_magic_test_file=
lt_cv_ld_exported_symbols_list=yes
lt_cv_ld_force_load=yes
lt_cv_ld_reload_flag=-r
lt_cv_nm_interface='BSD nm'
lt_cv_objdir=.libs
lt_cv_path_LD=/Applications/Xcode.app/Contents/Developer/Toolchains/XcodeDefault.xctoolchain/usr/bin/ld
lt_cv_path_NM=/usr/bin/nm
lt_cv_path_mainfest_tool=no
lt_cv_prog_compiler_c_o=yes
lt_cv_prog_compiler_pic='-fno-common -DPIC'
lt_cv_prog_compiler_pic_works=yes
lt_cv_prog_compiler_rtti_exceptions=yes
lt_cv_prog_compiler_static_works=no
lt_cv_prog_gnu_ld=no
lt_cv_sharedlib_from_linklib_cmd='printf %s\n'
lt_cv_sys_global_symbol_pipe='sed -n -e '\''s/^.*[	 ]\([BCDEGRST][BCDEGRST]*\)[	 ][	 ]*_\([_A-Za-z][_A-Za-z0-9]*\)$/\1 _\2 \2/p'\'' | sed '\''/ __gnu_lto/d'\'''
lt_cv_sys_global_symbol_to_c_name_address='sed -n -e '\''s/^: \(.*\) .*$/  {"\1", (void *) 0},/p'\'' -e '\''s/^[BCDEGRST][BCDEGRST]* .* \(.*\)$/  {"\1", (void *) \&\1},/p'\'''
lt_cv_sys_global_symbol_to_c_name_address_lib_prefix='sed -n -e '\''s/^: \(.*\) .*$/  {"\1", (void *) 0},/p'\'' -e '\''s/^[BCDEGRST][BCDEGRST]* .* \(lib.*\)$/  {"\1", (void *) \&\1},/p'\'' -e '\''s/^[BCDEGRST][BCDEGRST]* .* \(.*\)$/  {"lib\1", (void *) \&\1},/p'\'''
lt_cv_sys_global_symbol_to_cdecl='sed -n -e '\''s/^T .* \(.*\)$/extern int \1();/p'\'' -e '\''s/^[BCDEGRST][BCDEGRST]* .* \(.*\)$/extern char \1;/p'\'''
lt_cv_sys_global_symbol_to_import=
lt_cv_sys_max_cmd_len=196608
lt_cv_to_host_file_cmd=func_convert_file_noop
lt_cv_to_tool_file_cmd=func_convert_file_noop
lt_cv_truncate_bin='/bin/dd bs=4096 count=1'

## ----------------- ##
## Output variables. ##
## ----------------- ##

AALIB_CONFIG=''
AA_CFLAGS=''
AA_LIBS=''
ACLOCAL='${SHELL} /Users/davidmartinho/Downloads/gphoto2-2.5.10/auto-aux/missing aclocal-1.15'
AMDEPBACKSLASH='\'
AMDEP_FALSE='#'
AMDEP_TRUE=''
AMTAR='$${TAR-tar}'
AM_BACKSLASH='\'
AM_CPPFLAGS=' -DLOCALEDIR=\"$(datadir)/locale\"'
AM_DEFAULT_V='$(AM_DEFAULT_VERBOSITY)'
AM_DEFAULT_VERBOSITY='1'
AM_LDFLAGS=''
AM_V='$(V)'
AR='ar'
AUTOCONF='${SHELL} /Users/davidmartinho/Downloads/gphoto2-2.5.10/auto-aux/missing autoconf'
AUTOHEADER='${SHELL} /Users/davidmartinho/Downloads/gphoto2-2.5.10/auto-aux/missing autoheader'
AUTOMAKE='${SHELL} /Users/davidmartinho/Downloads/gphoto2-2.5.10/auto-aux/missing automake-1.15'
AWK='awk'
CC='gcc'
CCDEPMODE='depmode=gcc3'
CDK_CFLAGS=''
CDK_CONFIG=''
CDK_LIBS=''
CFLAGS='-g -O2'
CPP='gcc -E'
CPPFLAGS=''
CYGPATH_W='echo'
DEFS=''
DEPDIR='.deps'
DLLTOOL='false'
DSYMUTIL='dsymutil'
DUMPBIN=''
ECHO_C='\c'
ECHO_N=''
ECHO_T=''
EGREP='/usr/bin/grep -E'
EXEEXT=''
FGREP='/usr/bin/grep -F'
GETTEXT_PACKAGE='gphoto2'
GMSGFMT=':'
GREP='/usr/bin/grep'
HAVE_AA_FALSE=''
HAVE_AA_TRUE=''
HAVE_CDK_FALSE=''
HAVE_CDK_TRUE=''
HAVE_JPEG_FALSE=''
HAVE_JPEG_TRUE=''
HAVE_LIBEXIF_FALSE=''
HAVE_LIBEXIF_TRUE=''
HAVE_LIBGPHOTO2_FALSE=''
HAVE_LIBGPHOTO2_TRUE=''
HAVE_POPT_FALSE=''
HAVE_POPT_TRUE=''
HAVE_RL_FALSE=''
HAVE_RL_TRUE=''
INSTALL_DATA='${INSTALL} -m 644'
INSTALL_PROGRAM='${INSTALL}'
INSTALL_SCRIPT='${INSTALL}'
INSTALL_STRIP_PROGRAM='$(install_sh) -c -s'
INTLLIBS=''
JPEG_CFLAGS=''
JPEG_LIBS=''
LD='/Applications/Xcode.app/Contents/Developer/Toolchains/XcodeDefault.xctoolchain/usr/bin/ld'
LDFLAGS=''
LIBEXIF_CFLAGS=''
LIBEXIF_CONFIG_PROG=''
LIBEXIF_LIBS=''
LIBGPHOTO2_CFLAGS=''
LIBGPHOTO2_CONFIG_PROG=''
LIBGPHOTO2_LIBS=''
LIBICONV='-liconv'
LIBINTL=''
LIBOBJS=''
LIBS=''
LIBTOOL='$(SHELL) $(top_builddir)/libtool'
LIPO='lipo'
LN_S='ln -s'
LTLIBICONV='-liconv'
LTLIBINTL=''
LTLIBOBJS=''
LT_SYS_LIBRARY_PATH=''
MAIL_GPHOTO_DEVEL='<gphoto-devel@lists.sourceforge.net>'
MAIL_GPHOTO_TRANSLATION='<gphoto-translation@lists.sourceforge.net>'
MAIL_GPHOTO_USER='<gphoto-user@lists.sourceforge.net>'
MAKEINFO='${SHELL} /Users/davidmartinho/Downloads/gphoto2-2.5.10/auto-aux/missing makeinfo'
MANIFEST_TOOL=':'
MKDIR_P='/Users/davidmartinho/Downloads/gphoto2-2.5.10/auto-aux/install-sh -c -d'
MKINSTALLDIRS='/Users/davidmartinho/Downloads/gphoto2-2.5.10/auto-aux/mkinstalldirs'
MSGFMT=':'
MSGMERGE=':'
NM='/usr/bin/nm'
NMEDIT='nmedit'
OBJDUMP='false'
OBJEXT='o'
OTOOL64=':'
OTOOL='otool'
PACKAGE='gphoto2'
PACKAGE_BUGREPORT='gphoto-devel@lists.sourceforge.net'
PACKAGE_NAME='gphoto2 command line interface'
PACKAGE_STRING='gphoto2 command line interface 2.5.10'
PACKAGE_TARNAME='gphoto2'
PACKAGE_URL=''
PACKAGE_VERSION='2.5.10'
PATH_SEPARATOR=':'
PKG_CONFIG='/usr/local/bin/pkg-config'
PKG_CONFIG_LIBDIR=''
PKG_CONFIG_PATH=''
POPT_CFLAGS=''
POPT_LIBS=''
POSUB=''
PTHREAD_LIBS=''
RANLIB='ranlib'
REQUIREMENTS_FOR_LIBEXIF=''
REQUIREMENTS_FOR_LIBGPHOTO2='libgphoto2 >= 2.5.10'
RL_CFLAGS=''
RL_LIBS=''
SED='/usr/bin/sed'
SET_MAKE=''
SHELL='/bin/sh'
STRIP='strip'
URL_DIGICAM_LIST='http://www.teaser.fr/~hfiguiere/linux/digicam.html'
URL_GPHOTO_HOME='http://www.gphoto.org/'
URL_GPHOTO_PROJECT='https://github.com/gphoto'
URL_JPHOTO_HOME='http://jphoto.sourceforge.net/'
URL_USB_MASSSTORAGE='http://www.linux-usb.org/USB-guide/x498.html'
USE_NLS='no'
VERSION='2.5.10'
XGETTEXT=':'
ac_ct_AR='ar'
ac_ct_CC='gcc'
ac_ct_DUMPBIN=''
am__EXEEXT_FALSE=''
am__EXEEXT_TRUE=''
am__fastdepCC_FALSE='#'
am__fastdepCC_TRUE=''
am__include='include'
am__isrc=' -I$(srcdir)'
am__leading_dot='.'
am__nodep='_no'
am__quote=''
am__tar='$${TAR-tar} chof - "$$tardir"'
am__untar='$${TAR-tar} xf -'
bindir='${exec_prefix}/bin'
build='x86_64-apple-darwin15.3.0'
build_alias=''
build_cpu='x86_64'
build_os='darwin15.3.0'
build_vendor='apple'
datadir='${datarootdir}'
datarootdir='${prefix}/share'
docdir='${datarootdir}/doc/${PACKAGE_TARNAME}'
dvidir='${docdir}'
exec_prefix='NONE'
host='x86_64-apple-darwin15.3.0'
host_alias=''
host_cpu='x86_64'
host_os='darwin15.3.0'
host_vendor='apple'
htmldir='${docdir}'
includedir='${prefix}/include'
infodir='${datarootdir}/info'
install_sh='${SHELL} /Users/davidmartinho/Downloads/gphoto2-2.5.10/auto-aux/install-sh'
libdir='${exec_prefix}/lib'
libexecdir='${exec_prefix}/libexec'
localedir='$(datadir)/locale'
localstatedir='${prefix}/var'
mandir='${datarootdir}/man'
mkdir_p='$(MKDIR_P)'
oldincludedir='/usr/include'
pdfdir='${docdir}'
prefix='NONE'
program_transform_name='s,x,x,'
psdir='${docdir}'
sbindir='${exec_prefix}/sbin'
sharedstatedir='${prefix}/com'
sysconfdir='${prefix}/etc'
target_alias=''

## ----------- ##
## confdefs.h. ##
## ----------- ##

/* confdefs.h */
#define PACKAGE_NAME "gphoto2 command line interface"
#define PACKAGE_TARNAME "gphoto2"
#define PACKAGE_VERSION "2.5.10"
#define PACKAGE_STRING "gphoto2 command line interface 2.5.10"
#define PACKAGE_BUGREPORT "gphoto-devel@lists.sourceforge.net"
#define PACKAGE_URL ""
#define PACKAGE "gphoto2"
#define VERSION "2.5.10"
#define STDC_HEADERS 1
#define HAVE_SYS_TYPES_H 1
#define HAVE_SYS_STAT_H 1
#define HAVE_STDLIB_H 1
#define HAVE_STRING_H 1
#define HAVE_MEMORY_H 1
#define HAVE_STRINGS_H 1
#define HAVE_INTTYPES_H 1
#define HAVE_STDINT_H 1
#define HAVE_UNISTD_H 1
#define HAVE_DLFCN_H 1
#define LT_OBJDIR ".libs/"
#define HAVE_CC "gcc"
#define URL_GPHOTO_HOME "http://www.gphoto.org/"
#define URL_GPHOTO_PROJECT "https://github.com/gphoto"
#define URL_DIGICAM_LIST "http://www.teaser.fr/~hfiguiere/linux/digicam.html"
#define URL_JPHOTO_HOME "http://jphoto.sourceforge.net/"
#define URL_USB_MASSSTORAGE "http://www.linux-usb.org/USB-guide/x498.html"
#define MAIL_GPHOTO_DEVEL "<gphoto-devel@lists.sourceforge.net>"
#define MAIL_GPHOTO_USER "<gphoto-user@lists.sourceforge.net>"
#define MAIL_GPHOTO_TRANSLATION "<gphoto-translation@lists.sourceforge.net>"
#define GETTEXT_PACKAGE "gphoto2"
#define HAVE_ICONV 1
#define HAVE_ICONV 1
#define ICONV_CONST 

configure: exit 1
